<?xml version="1.0" encoding="UTF-8"?>
<testng-results ignored="0" total="3" passed="3" failed="0" skipped="0">
  <reporter-output>
  </reporter-output>
  <suite started-at="2024-05-19T18:03:17 IST" name="Default suite" finished-at="2024-05-19T18:03:25 IST" duration-ms="7874">
    <groups>
    </groups>
    <test started-at="2024-05-19T18:03:17 IST" name="Default test" finished-at="2024-05-19T18:03:25 IST" duration-ms="7874">
      <class name="pract.general">
        <test-method signature="get()[pri:0, instance:pract.general@5c33f1a9]" started-at="2024-05-19T18:03:17 IST" name="get" finished-at="2024-05-19T18:03:17 IST" duration-ms="12" status="PASS">
          <reporter-output>
          </reporter-output>
        </test-method> <!-- get -->
        <test-method signature="page()[pri:0, instance:pract.general@5c33f1a9]" started-at="2024-05-19T18:03:17 IST" name="page" finished-at="2024-05-19T18:03:22 IST" duration-ms="5133" status="PASS">
          <reporter-output>
          </reporter-output>
        </test-method> <!-- page -->
        <test-method signature="scrnshot()[pri:0, instance:pract.general@5c33f1a9]" started-at="2024-05-19T18:03:22 IST" name="scrnshot" finished-at="2024-05-19T18:03:25 IST" duration-ms="2675" status="PASS">
          <reporter-output>
          </reporter-output>
        </test-method> <!-- scrnshot -->
      </class> <!-- pract.general -->
    </test> <!-- Default test -->
  </suite> <!-- Default suite -->
</testng-results>
